# JRE version: Java(TM) SE Runtime Environment (8.0_211-b12) (build 1.8.0_211-b12)
# Java VM: Java HotSpot(TM) 64-Bit Server VM (25.211-b12 mixed mode windows-amd64 compressed oops)
Heap:
 PSYoungGen      total 131584K, used 59037K [0x0000000780b00000, 0x0000000790300000, 0x00000007c0000000)
  eden space 116736K, 50% used [0x0000000780b00000,0x00000007844a74e0,0x0000000787d00000)
  from space 14848K, 0% used [0x0000000787d00000,0x0000000787d00000,0x0000000788b80000)
  to   space 14336K, 0% used [0x000000078f500000,0x000000078f500000,0x0000000790300000)
 ParOldGen       total 82432K, used 14552K [0x0000000702000000, 0x0000000707080000, 0x0000000780b00000)
  object space 82432K, 17% used [0x0000000702000000,0x0000000702e360e0,0x0000000707080000)
 Metaspace       used 37306K, capacity 39434K, committed 39680K, reserved 1083392K
  class space    used 5121K, capacity 5514K, committed 5632K, reserved 1048576K
GC Heap History (10 events):
Event: 6.184 GC heap before
{Heap before GC invocations=5 (full 1):
 PSYoungGen      total 56832K, used 49152K [0x0000000780b00000, 0x0000000787a00000, 0x00000007c0000000)
  eden space 49152K, 100% used [0x0000000780b00000,0x0000000783b00000,0x0000000783b00000)
  from space 7680K, 0% used [0x0000000783b00000,0x0000000783b00000,0x0000000784280000)
  to   space 7680K, 0% used [0x0000000787280000,0x0000000787280000,0x0000000787a00000)
 ParOldGen       total 82432K, used 9254K [0x0000000702000000, 0x0000000707080000, 0x0000000780b00000)
  object space 82432K, 11% used [0x0000000702000000,0x00000007029099b0,0x0000000707080000)
 Metaspace       used 21589K, capacity 22444K, committed 22656K, reserved 1069056K
  class space    used 2942K, capacity 3152K, committed 3200K, reserved 1048576K
Event: 6.202 GC heap after
Heap after GC invocations=5 (full 1):
 PSYoungGen      total 81920K, used 4491K [0x0000000780b00000, 0x0000000787700000, 0x00000007c0000000)
  eden space 77312K, 0% used [0x0000000780b00000,0x0000000780b00000,0x0000000785680000)
  from space 4608K, 97% used [0x0000000787280000,0x00000007876e2e00,0x0000000787700000)
  to   space 7680K, 0% used [0x0000000786800000,0x0000000786800000,0x0000000786f80000)
 ParOldGen       total 82432K, used 9254K [0x0000000702000000, 0x0000000707080000, 0x0000000780b00000)
  object space 82432K, 11% used [0x0000000702000000,0x00000007029099b0,0x0000000707080000)
 Metaspace       used 21589K, capacity 22444K, committed 22656K, reserved 1069056K
  class space    used 2942K, capacity 3152K, committed 3200K, reserved 1048576K
}
Event: 8.105 GC heap before
{Heap before GC invocations=6 (full 1):
 PSYoungGen      total 81920K, used 81803K [0x0000000780b00000, 0x0000000787700000, 0x00000007c0000000)
  eden space 77312K, 100% used [0x0000000780b00000,0x0000000785680000,0x0000000785680000)
  from space 4608K, 97% used [0x0000000787280000,0x00000007876e2e00,0x0000000787700000)
  to   space 7680K, 0% used [0x0000000786800000,0x0000000786800000,0x0000000786f80000)
 ParOldGen       total 82432K, used 9254K [0x0000000702000000, 0x0000000707080000, 0x0000000780b00000)
  object space 82432K, 11% used [0x0000000702000000,0x00000007029099b0,0x0000000707080000)
 Metaspace       used 26082K, capacity 27550K, committed 27776K, reserved 1073152K
  class space    used 3617K, capacity 3905K, committed 3968K, reserved 1048576K
Event: 8.128 GC heap after
Heap after GC invocations=6 (full 1):
 PSYoungGen      total 102912K, used 7666K [0x0000000780b00000, 0x0000000789680000, 0x00000007c0000000)
  eden space 95232K, 0% used [0x0000000780b00000,0x0000000780b00000,0x0000000786800000)
  from space 7680K, 99% used [0x0000000786800000,0x0000000786f7cb50,0x0000000786f80000)
  to   space 11264K, 0% used [0x0000000788b80000,0x0000000788b80000,0x0000000789680000)
 ParOldGen       total 82432K, used 10072K [0x0000000702000000, 0x0000000707080000, 0x0000000780b00000)
  object space 82432K, 12% used [0x0000000702000000,0x00000007029d6028,0x0000000707080000)
 Metaspace       used 26082K, capacity 27550K, committed 27776K, reserved 1073152K
  class space    used 3617K, capacity 3905K, committed 3968K, reserved 1048576K
}
Event: 10.489 GC heap before
{Heap before GC invocations=7 (full 1):
 PSYoungGen      total 102912K, used 102898K [0x0000000780b00000, 0x0000000789680000, 0x00000007c0000000)
  eden space 95232K, 100% used [0x0000000780b00000,0x0000000786800000,0x0000000786800000)
  from space 7680K, 99% used [0x0000000786800000,0x0000000786f7cb50,0x0000000786f80000)
  to   space 11264K, 0% used [0x0000000788b80000,0x0000000788b80000,0x0000000789680000)
 ParOldGen       total 82432K, used 10072K [0x0000000702000000, 0x0000000707080000, 0x0000000780b00000)
  object space 82432K, 12% used [0x0000000702000000,0x00000007029d6028,0x0000000707080000)
 Metaspace       used 33614K, capacity 35408K, committed 35496K, reserved 1079296K
  class space    used 4502K, capacity 4842K, committed 4864K, reserved 1048576K
Event: 10.511 GC heap after
Heap after GC invocations=7 (full 1):
 PSYoungGen      total 128000K, used 11239K [0x0000000780b00000, 0x000000078b680000, 0x00000007c0000000)
  eden space 116736K, 0% used [0x0000000780b00000,0x0000000780b00000,0x0000000787d00000)
  from space 11264K, 99% used [0x0000000788b80000,0x0000000789679cf8,0x0000000789680000)
  to   space 14848K, 0% used [0x0000000787d00000,0x0000000787d00000,0x0000000788b80000)
 ParOldGen       total 82432K, used 13717K [0x0000000702000000, 0x0000000707080000, 0x0000000780b00000)
  object space 82432K, 16% used [0x0000000702000000,0x0000000702d65630,0x0000000707080000)
 Metaspace       used 33614K, capacity 35408K, committed 35496K, reserved 1079296K
  class space    used 4502K, capacity 4842K, committed 4864K, reserved 1048576K
}
Event: 10.522 GC heap before
{Heap before GC invocations=8 (full 1):
 PSYoungGen      total 128000K, used 16756K [0x0000000780b00000, 0x000000078b680000, 0x00000007c0000000)
  eden space 116736K, 4% used [0x0000000780b00000,0x0000000781063450,0x0000000787d00000)
  from space 11264K, 99% used [0x0000000788b80000,0x0000000789679cf8,0x0000000789680000)
  to   space 14848K, 0% used [0x0000000787d00000,0x0000000787d00000,0x0000000788b80000)
 ParOldGen       total 82432K, used 13717K [0x0000000702000000, 0x0000000707080000, 0x0000000780b00000)
  object space 82432K, 16% used [0x0000000702000000,0x0000000702d65630,0x0000000707080000)
 Metaspace       used 33618K, capacity 35408K, committed 35496K, reserved 1079296K
  class space    used 4502K, capacity 4842K, committed 4864K, reserved 1048576K
Event: 10.535 GC heap after
Heap after GC invocations=8 (full 1):
 PSYoungGen      total 131584K, used 9226K [0x0000000780b00000, 0x0000000790300000, 0x00000007c0000000)
  eden space 116736K, 0% used [0x0000000780b00000,0x0000000780b00000,0x0000000787d00000)
  from space 14848K, 62% used [0x0000000787d00000,0x00000007886028c0,0x0000000788b80000)
  to   space 14336K, 0% used [0x000000078f500000,0x000000078f500000,0x0000000790300000)
 ParOldGen       total 82432K, used 13717K [0x0000000702000000, 0x0000000707080000, 0x0000000780b00000)
  object space 82432K, 16% used [0x0000000702000000,0x0000000702d65630,0x0000000707080000)
 Metaspace       used 33618K, capacity 35408K, committed 35496K, reserved 1079296K
  class space    used 4502K, capacity 4842K, committed 4864K, reserved 1048576K
}
Event: 10.535 GC heap before
{Heap before GC invocations=9 (full 2):
 PSYoungGen      total 131584K, used 9226K [0x0000000780b00000, 0x0000000790300000, 0x00000007c0000000)
  eden space 116736K, 0% used [0x0000000780b00000,0x0000000780b00000,0x0000000787d00000)
  from space 14848K, 62% used [0x0000000787d00000,0x00000007886028c0,0x0000000788b80000)
  to   space 14336K, 0% used [0x000000078f500000,0x000000078f500000,0x0000000790300000)
 ParOldGen       total 82432K, used 13717K [0x0000000702000000, 0x0000000707080000, 0x0000000780b00000)
  object space 82432K, 16% used [0x0000000702000000,0x0000000702d65630,0x0000000707080000)
 Metaspace       used 33618K, capacity 35408K, committed 35496K, reserved 1079296K
  class space    used 4502K, capacity 4842K, committed 4864K, reserved 1048576K
Event: 10.673 GC heap after
Heap after GC invocations=9 (full 2):
 PSYoungGen      total 131584K, used 0K [0x0000000780b00000, 0x0000000790300000, 0x00000007c0000000)
  eden space 116736K, 0% used [0x0000000780b00000,0x0000000780b00000,0x0000000787d00000)
  from space 14848K, 0% used [0x0000000787d00000,0x0000000787d00000,0x0000000788b80000)
  to   space 14336K, 0% used [0x000000078f500000,0x000000078f500000,0x0000000790300000)
 ParOldGen       total 82432K, used 14552K [0x0000000702000000, 0x0000000707080000, 0x0000000780b00000)
  object space 82432K, 17% used [0x0000000702000000,0x0000000702e360e0,0x0000000707080000)
 Metaspace       used 33618K, capacity 35408K, committed 35496K, reserved 1079296K
  class space    used 4502K, capacity 4842K, committed 4864K, reserved 1048576K
}

